Some Usable Environment Variables:
=================================
hostname=f02-17.cluster
$SLURM_JOB_ID=409289
$SLURM_NTASKS=1
$SLURM_NTASKS_PER_NODE=1
$SLURM_CPUS_PER_TASK=2
$SLURM_JOB_CPUS_PER_NODE=2
$SLURM_MEM_PER_NODE=4000
Loading nextflow/23.04.1
  Loading requirement: java/17.0.1
Loading singularity/3.8.7
  Loading requirement: go/1.17.2
N E X T F L O W  ~  version 23.04.1
Launching `main.nf` [small_blackwell] DSL2 - revision: 5f0e20e632
 MARSQ   N F   P I P E L I N E
 ===================================
 reads        : /tmp/marsq/fastq/*{R1,R2}.fastq.gz
 output       : /tmp/marsq/results
 ref genomes  : /tmp/marsq/refs
 pipeline     : map_only
 
[-        ] process > MARSQ_MAP_ONLY:ConcatenateG... -
[-        ] process > MARSQ_MAP_ONLY:BBMAP_INDEX     -
[-        ] process > MARSQ_MAP_ONLY:BBMAP_ALIGN     -

[56/a91a0c] process > MARSQ_MAP_ONLY:ConcatenateG... [100%] 1 of 1, cached: 1 ✔
[1a/082644] process > MARSQ_MAP_ONLY:BBMAP_INDEX ... [100%] 1 of 1, cached: 1 ✔
[c5/0b87a6] process > MARSQ_MAP_ONLY:BBMAP_ALIGN ... [100%] 2 of 2, cached: 2
[49/4892bf] process > MARSQ_MAP_ONLY:SAMTOOLS_SOR... [100%] 2 of 2, cached: 2
[-        ] process > MARSQ_MAP_ONLY:SAMTOOLS_INDEX  -
[-        ] process > MARSQ_MAP_ONLY:SplitBamAndS... -

[56/a91a0c] process > MARSQ_MAP_ONLY:ConcatenateG... [100%] 1 of 1, cached: 1 ✔
[1a/082644] process > MARSQ_MAP_ONLY:BBMAP_INDEX ... [100%] 1 of 1, cached: 1 ✔
[f3/5a91cb] process > MARSQ_MAP_ONLY:BBMAP_ALIGN ... [100%] 3 of 3, cached: 3 ✔
[49/4892bf] process > MARSQ_MAP_ONLY:SAMTOOLS_SOR... [100%] 2 of 2, cached: 2
[-        ] process > MARSQ_MAP_ONLY:SAMTOOLS_INDEX  -
[-        ] process > MARSQ_MAP_ONLY:SplitBamAndS... -

[56/a91a0c] process > MARSQ_MAP_ONLY:ConcatenateG... [100%] 1 of 1, cached: 1 ✔
[1a/082644] process > MARSQ_MAP_ONLY:BBMAP_INDEX ... [100%] 1 of 1, cached: 1 ✔
[f3/5a91cb] process > MARSQ_MAP_ONLY:BBMAP_ALIGN ... [100%] 3 of 3, cached: 3 ✔
[b1/b439b0] process > MARSQ_MAP_ONLY:SAMTOOLS_SOR... [100%] 3 of 3, cached: 3 ✔
[a6/ba8bc4] process > MARSQ_MAP_ONLY:SAMTOOLS_IND... [100%] 3 of 3, cached: 3 ✔
[-        ] process > MARSQ_MAP_ONLY:SplitBamAndS... [  0%] 0 of 3

executor >  slurm (3)
[56/a91a0c] process > MARSQ_MAP_ONLY:ConcatenateG... [100%] 1 of 1, cached: 1 ✔
[1a/082644] process > MARSQ_MAP_ONLY:BBMAP_INDEX ... [100%] 1 of 1, cached: 1 ✔
[f3/5a91cb] process > MARSQ_MAP_ONLY:BBMAP_ALIGN ... [100%] 3 of 3, cached: 3 ✔
[b1/b439b0] process > MARSQ_MAP_ONLY:SAMTOOLS_SOR... [100%] 3 of 3, cached: 3 ✔
[a6/ba8bc4] process > MARSQ_MAP_ONLY:SAMTOOLS_IND... [100%] 3 of 3, cached: 3 ✔
[47/cf00f0] process > MARSQ_MAP_ONLY:SplitBamAndS... [  0%] 0 of 3

executor >  slurm (3)
[56/a91a0c] process > MARSQ_MAP_ONLY:ConcatenateG... [100%] 1 of 1, cached: 1 ✔
[1a/082644] process > MARSQ_MAP_ONLY:BBMAP_INDEX ... [100%] 1 of 1, cached: 1 ✔
[f3/5a91cb] process > MARSQ_MAP_ONLY:BBMAP_ALIGN ... [100%] 3 of 3, cached: 3 ✔
[b1/b439b0] process > MARSQ_MAP_ONLY:SAMTOOLS_SOR... [100%] 3 of 3, cached: 3 ✔
[a6/ba8bc4] process > MARSQ_MAP_ONLY:SAMTOOLS_IND... [100%] 3 of 3, cached: 3 ✔
[47/cf00f0] process > MARSQ_MAP_ONLY:SplitBamAndS... [  0%] 0 of 3

executor >  slurm (3)
[56/a91a0c] process > MARSQ_MAP_ONLY:ConcatenateG... [100%] 1 of 1, cached: 1 ✔
[1a/082644] process > MARSQ_MAP_ONLY:BBMAP_INDEX ... [100%] 1 of 1, cached: 1 ✔
[f3/5a91cb] process > MARSQ_MAP_ONLY:BBMAP_ALIGN ... [100%] 3 of 3, cached: 3 ✔
[b1/b439b0] process > MARSQ_MAP_ONLY:SAMTOOLS_SOR... [100%] 3 of 3, cached: 3 ✔
[a6/ba8bc4] process > MARSQ_MAP_ONLY:SAMTOOLS_IND... [100%] 3 of 3, cached: 3 ✔
[47/cf00f0] process > MARSQ_MAP_ONLY:SplitBamAndS... [  0%] 0 of 3
ERROR ~ Error executing process > 'MARSQ_MAP_ONLY:SplitBamAndStats (FF-PS_April2023_S48)'

Caused by:
  Process `MARSQ_MAP_ONLY:SplitBamAndStats (FF-PS_April2023_S48)` terminated with an error exit status (1)

Command executed:

  samtools view -@12 -o FF-PS_April2023_S48.sam FF-PS_April2023_S48_sort.bam
  
  mkdir FF-PS_April2023_S48_mapped_genomes
  mkdir FF-PS_April2023_S48_mapped_genomes_stats
  
  for genome in refs/*.fna; do
      genome_base=$(basename $genome .fna | cut -d'_' -f1,2)
  
      echo '@HD VN:1.6 SO:coordinate' > FF-PS_April2023_S48_mapped_genomes/FF-PS_April2023_S48_${genome_base}.sam
  done
  
  awk -F'	' -v meta_id="FF-PS_April2023_S48" '{
      split($3, arr, "_%_");
      genome_filename = meta_id "_mapped_genomes/" meta_id "_" arr[1] ".sam";
      if (!seen[genome_filename]++) {
          print "@HD VN:1.6 SO:coordinate" > genome_filename;
      }
      print >> genome_filename
  }' "FF-PS_April2023_S48.sam"
  
  
  samtools coverage FF-PS_April2023_S48_mapped_genomes/FF-PS_April2023_S48_${genome_base}.sam > FF-PS_April2023_S48_mapped_genomes_stats/FF-PS_April2023_S48_${genome_base}_coverage_stats.txt
  samtools coverage -m FF-PS_April2023_S48_mapped_genomes/FF-PS_April2023_S48_${genome_base}.sam > FF-PS_April2023_S48_mapped_genomes_stats/FF-PS_April2023_S48_${genome_base}_coverage_stats_graphic.txt
  
  ##samtools view -@12 -bo FF-PS_April2023_S48_${genome_base}.bam FF-PS_April2023_S48_${genome_base}.sam
  ##rm FF-PS_April2023_S48_${genome_base}.sam
  done

Command exit status:
  1

Command output:
  (empty)

Command error:
  samtools coverage: Could not read header for "FF-PS_April2023_S48_mapped_genomes/FF-PS_April2023_S48_GCF_902167755.1.sam": Exec format error

Work dir:
  /tmp/marsq/work/a1/fe52b6e9df9e8820777f9235eb3f0d

Tip: you can replicate the issue by changing to the process work dir and entering the command `bash .command.run`

 -- Check '.nextflow.log' file for details

executor >  slurm (3)
[56/a91a0c] process > MARSQ_MAP_ONLY:ConcatenateG... [100%] 1 of 1, cached: 1 ✔
[1a/082644] process > MARSQ_MAP_ONLY:BBMAP_INDEX ... [100%] 1 of 1, cached: 1 ✔
[f3/5a91cb] process > MARSQ_MAP_ONLY:BBMAP_ALIGN ... [100%] 3 of 3, cached: 3 ✔
[b1/b439b0] process > MARSQ_MAP_ONLY:SAMTOOLS_SOR... [100%] 3 of 3, cached: 3 ✔
[a6/ba8bc4] process > MARSQ_MAP_ONLY:SAMTOOLS_IND... [100%] 3 of 3, cached: 3 ✔
[a1/fe52b6] process > MARSQ_MAP_ONLY:SplitBamAndS... [ 33%] 1 of 3, failed: 1
Execution cancelled -- Finishing pending tasks before exit
ERROR ~ Error executing process > 'MARSQ_MAP_ONLY:SplitBamAndStats (FF-PS_April2023_S48)'

Caused by:
  Process `MARSQ_MAP_ONLY:SplitBamAndStats (FF-PS_April2023_S48)` terminated with an error exit status (1)

Command executed:

  samtools view -@12 -o FF-PS_April2023_S48.sam FF-PS_April2023_S48_sort.bam
  
  mkdir FF-PS_April2023_S48_mapped_genomes
  mkdir FF-PS_April2023_S48_mapped_genomes_stats
  
  for genome in refs/*.fna; do
      genome_base=$(basename $genome .fna | cut -d'_' -f1,2)
  
      echo '@HD VN:1.6 SO:coordinate' > FF-PS_April2023_S48_mapped_genomes/FF-PS_April2023_S48_${genome_base}.sam
  done
  
  awk -F'	' -v meta_id="FF-PS_April2023_S48" '{
      split($3, arr, "_%_");
      genome_filename = meta_id "_mapped_genomes/" meta_id "_" arr[1] ".sam";
      if (!seen[genome_filename]++) {
          print "@HD VN:1.6 SO:coordinate" > genome_filename;
      }
      print >> genome_filename
  }' "FF-PS_April2023_S48.sam"
  
  
  samtools coverage FF-PS_April2023_S48_mapped_genomes/FF-PS_April2023_S48_${genome_base}.sam > FF-PS_April2023_S48_mapped_genomes_stats/FF-PS_April2023_S48_${genome_base}_coverage_stats.txt
  samtools coverage -m FF-PS_April2023_S48_mapped_genomes/FF-PS_April2023_S48_${genome_base}.sam > FF-PS_April2023_S48_mapped_genomes_stats/FF-PS_April2023_S48_${genome_base}_coverage_stats_graphic.txt
  
  ##samtools view -@12 -bo FF-PS_April2023_S48_${genome_base}.bam FF-PS_April2023_S48_${genome_base}.sam
  ##rm FF-PS_April2023_S48_${genome_base}.sam
  done

Command exit status:
  1

Command output:
  (empty)

Command error:
  samtools coverage: Could not read header for "FF-PS_April2023_S48_mapped_genomes/FF-PS_April2023_S48_GCF_902167755.1.sam": Exec format error

Work dir:
  /tmp/marsq/work/a1/fe52b6e9df9e8820777f9235eb3f0d

Tip: you can replicate the issue by changing to the process work dir and entering the command `bash .command.run`

 -- Check '.nextflow.log' file for details

executor >  slurm (3)
[56/a91a0c] process > MARSQ_MAP_ONLY:ConcatenateG... [100%] 1 of 1, cached: 1 ✔
[1a/082644] process > MARSQ_MAP_ONLY:BBMAP_INDEX ... [100%] 1 of 1, cached: 1 ✔
[f3/5a91cb] process > MARSQ_MAP_ONLY:BBMAP_ALIGN ... [100%] 3 of 3, cached: 3 ✔
[b1/b439b0] process > MARSQ_MAP_ONLY:SAMTOOLS_SOR... [100%] 3 of 3, cached: 3 ✔
[a6/ba8bc4] process > MARSQ_MAP_ONLY:SAMTOOLS_IND... [100%] 3 of 3, cached: 3 ✔
[a1/fe52b6] process > MARSQ_MAP_ONLY:SplitBamAndS... [ 33%] 1 of 3, failed: 1

ERROR ~ Error executing process > 'MARSQ_MAP_ONLY:SplitBamAndStats (FF-PS_April2023_S48)'

Caused by:
  Process `MARSQ_MAP_ONLY:SplitBamAndStats (FF-PS_April2023_S48)` terminated with an error exit status (1)

Command executed:

  samtools view -@12 -o FF-PS_April2023_S48.sam FF-PS_April2023_S48_sort.bam
  
  mkdir FF-PS_April2023_S48_mapped_genomes
  mkdir FF-PS_April2023_S48_mapped_genomes_stats
  
  for genome in refs/*.fna; do
      genome_base=$(basename $genome .fna | cut -d'_' -f1,2)
  
      echo '@HD VN:1.6 SO:coordinate' > FF-PS_April2023_S48_mapped_genomes/FF-PS_April2023_S48_${genome_base}.sam
  done
  
  awk -F'	' -v meta_id="FF-PS_April2023_S48" '{
      split($3, arr, "_%_");
      genome_filename = meta_id "_mapped_genomes/" meta_id "_" arr[1] ".sam";
      if (!seen[genome_filename]++) {
          print "@HD VN:1.6 SO:coordinate" > genome_filename;
      }
      print >> genome_filename
  }' "FF-PS_April2023_S48.sam"
  
  
  samtools coverage FF-PS_April2023_S48_mapped_genomes/FF-PS_April2023_S48_${genome_base}.sam > FF-PS_April2023_S48_mapped_genomes_stats/FF-PS_April2023_S48_${genome_base}_coverage_stats.txt
  samtools coverage -m FF-PS_April2023_S48_mapped_genomes/FF-PS_April2023_S48_${genome_base}.sam > FF-PS_April2023_S48_mapped_genomes_stats/FF-PS_April2023_S48_${genome_base}_coverage_stats_graphic.txt
  
  ##samtools view -@12 -bo FF-PS_April2023_S48_${genome_base}.bam FF-PS_April2023_S48_${genome_base}.sam
  ##rm FF-PS_April2023_S48_${genome_base}.sam
  done

Command exit status:
  1

Command output:
  (empty)

Command error:
  samtools coverage: Could not read header for "FF-PS_April2023_S48_mapped_genomes/FF-PS_April2023_S48_GCF_902167755.1.sam": Exec format error

Work dir:
  /tmp/marsq/work/a1/fe52b6e9df9e8820777f9235eb3f0d

Tip: you can replicate the issue by changing to the process work dir and entering the command `bash .command.run`

 -- Check '.nextflow.log' file for details

executor >  slurm (3)
[56/a91a0c] process > MARSQ_MAP_ONLY:ConcatenateG... [100%] 1 of 1, cached: 1 ✔
[1a/082644] process > MARSQ_MAP_ONLY:BBMAP_INDEX ... [100%] 1 of 1, cached: 1 ✔
[f3/5a91cb] process > MARSQ_MAP_ONLY:BBMAP_ALIGN ... [100%] 3 of 3, cached: 3 ✔
[b1/b439b0] process > MARSQ_MAP_ONLY:SAMTOOLS_SOR... [100%] 3 of 3, cached: 3 ✔
[a6/ba8bc4] process > MARSQ_MAP_ONLY:SAMTOOLS_IND... [100%] 3 of 3, cached: 3 ✔
[2e/05ea60] process > MARSQ_MAP_ONLY:SplitBamAndS... [ 66%] 2 of 3, failed: 2
ERROR ~ Error executing process > 'MARSQ_MAP_ONLY:SplitBamAndStats (FF-PS_April2023_S48)'

Caused by:
  Process `MARSQ_MAP_ONLY:SplitBamAndStats (FF-PS_April2023_S48)` terminated with an error exit status (1)

Command executed:

  samtools view -@12 -o FF-PS_April2023_S48.sam FF-PS_April2023_S48_sort.bam
  
  mkdir FF-PS_April2023_S48_mapped_genomes
  mkdir FF-PS_April2023_S48_mapped_genomes_stats
  
  for genome in refs/*.fna; do
      genome_base=$(basename $genome .fna | cut -d'_' -f1,2)
  
      echo '@HD VN:1.6 SO:coordinate' > FF-PS_April2023_S48_mapped_genomes/FF-PS_April2023_S48_${genome_base}.sam
  done
  
  awk -F'	' -v meta_id="FF-PS_April2023_S48" '{
      split($3, arr, "_%_");
      genome_filename = meta_id "_mapped_genomes/" meta_id "_" arr[1] ".sam";
      if (!seen[genome_filename]++) {
          print "@HD VN:1.6 SO:coordinate" > genome_filename;
      }
      print >> genome_filename
  }' "FF-PS_April2023_S48.sam"
  
  
  samtools coverage FF-PS_April2023_S48_mapped_genomes/FF-PS_April2023_S48_${genome_base}.sam > FF-PS_April2023_S48_mapped_genomes_stats/FF-PS_April2023_S48_${genome_base}_coverage_stats.txt
  samtools coverage -m FF-PS_April2023_S48_mapped_genomes/FF-PS_April2023_S48_${genome_base}.sam > FF-PS_April2023_S48_mapped_genomes_stats/FF-PS_April2023_S48_${genome_base}_coverage_stats_graphic.txt
  
  ##samtools view -@12 -bo FF-PS_April2023_S48_${genome_base}.bam FF-PS_April2023_S48_${genome_base}.sam
  ##rm FF-PS_April2023_S48_${genome_base}.sam
  done

Command exit status:
  1

Command output:
  (empty)

Command error:
  samtools coverage: Could not read header for "FF-PS_April2023_S48_mapped_genomes/FF-PS_April2023_S48_GCF_902167755.1.sam": Exec format error

Work dir:
  /tmp/marsq/work/a1/fe52b6e9df9e8820777f9235eb3f0d

Tip: you can replicate the issue by changing to the process work dir and entering the command `bash .command.run`

 -- Check '.nextflow.log' file for details


executor >  slurm (3)
[56/a91a0c] process > MARSQ_MAP_ONLY:ConcatenateG... [100%] 1 of 1, cached: 1 ✔
[1a/082644] process > MARSQ_MAP_ONLY:BBMAP_INDEX ... [100%] 1 of 1, cached: 1 ✔
[f3/5a91cb] process > MARSQ_MAP_ONLY:BBMAP_ALIGN ... [100%] 3 of 3, cached: 3 ✔
[b1/b439b0] process > MARSQ_MAP_ONLY:SAMTOOLS_SOR... [100%] 3 of 3, cached: 3 ✔
[a6/ba8bc4] process > MARSQ_MAP_ONLY:SAMTOOLS_IND... [100%] 3 of 3, cached: 3 ✔
[2e/05ea60] process > MARSQ_MAP_ONLY:SplitBamAndS... [ 66%] 2 of 3, failed: 2
ERROR ~ Error executing process > 'MARSQ_MAP_ONLY:SplitBamAndStats (FF-PS_April2023_S48)'

Caused by:
  Process `MARSQ_MAP_ONLY:SplitBamAndStats (FF-PS_April2023_S48)` terminated with an error exit status (1)

Command executed:

  samtools view -@12 -o FF-PS_April2023_S48.sam FF-PS_April2023_S48_sort.bam
  
  mkdir FF-PS_April2023_S48_mapped_genomes
  mkdir FF-PS_April2023_S48_mapped_genomes_stats
  
  for genome in refs/*.fna; do
      genome_base=$(basename $genome .fna | cut -d'_' -f1,2)
  
      echo '@HD VN:1.6 SO:coordinate' > FF-PS_April2023_S48_mapped_genomes/FF-PS_April2023_S48_${genome_base}.sam
  done
  
  awk -F'	' -v meta_id="FF-PS_April2023_S48" '{
      split($3, arr, "_%_");
      genome_filename = meta_id "_mapped_genomes/" meta_id "_" arr[1] ".sam";
      if (!seen[genome_filename]++) {
          print "@HD VN:1.6 SO:coordinate" > genome_filename;
      }
      print >> genome_filename
  }' "FF-PS_April2023_S48.sam"
  
  
  samtools coverage FF-PS_April2023_S48_mapped_genomes/FF-PS_April2023_S48_${genome_base}.sam > FF-PS_April2023_S48_mapped_genomes_stats/FF-PS_April2023_S48_${genome_base}_coverage_stats.txt
  samtools coverage -m FF-PS_April2023_S48_mapped_genomes/FF-PS_April2023_S48_${genome_base}.sam > FF-PS_April2023_S48_mapped_genomes_stats/FF-PS_April2023_S48_${genome_base}_coverage_stats_graphic.txt
  
  ##samtools view -@12 -bo FF-PS_April2023_S48_${genome_base}.bam FF-PS_April2023_S48_${genome_base}.sam
  ##rm FF-PS_April2023_S48_${genome_base}.sam
  done

Command exit status:
  1

Command output:
  (empty)

Command error:
  samtools coverage: Could not read header for "FF-PS_April2023_S48_mapped_genomes/FF-PS_April2023_S48_GCF_902167755.1.sam": Exec format error

Work dir:
  /tmp/marsq/work/a1/fe52b6e9df9e8820777f9235eb3f0d

Tip: you can replicate the issue by changing to the process work dir and entering the command `bash .command.run`

 -- Check '.nextflow.log' file for details

executor >  slurm (3)
[56/a91a0c] process > MARSQ_MAP_ONLY:ConcatenateG... [100%] 1 of 1, cached: 1 ✔
[1a/082644] process > MARSQ_MAP_ONLY:BBMAP_INDEX ... [100%] 1 of 1, cached: 1 ✔
[f3/5a91cb] process > MARSQ_MAP_ONLY:BBMAP_ALIGN ... [100%] 3 of 3, cached: 3 ✔
[b1/b439b0] process > MARSQ_MAP_ONLY:SAMTOOLS_SOR... [100%] 3 of 3, cached: 3 ✔
[a6/ba8bc4] process > MARSQ_MAP_ONLY:SAMTOOLS_IND... [100%] 3 of 3, cached: 3 ✔
[47/cf00f0] process > MARSQ_MAP_ONLY:SplitBamAndS... [100%] 3 of 3, failed: 3 ✘
ERROR ~ Error executing process > 'MARSQ_MAP_ONLY:SplitBamAndStats (FF-PS_April2023_S48)'

Caused by:
  Process `MARSQ_MAP_ONLY:SplitBamAndStats (FF-PS_April2023_S48)` terminated with an error exit status (1)

Command executed:

  samtools view -@12 -o FF-PS_April2023_S48.sam FF-PS_April2023_S48_sort.bam
  
  mkdir FF-PS_April2023_S48_mapped_genomes
  mkdir FF-PS_April2023_S48_mapped_genomes_stats
  
  for genome in refs/*.fna; do
      genome_base=$(basename $genome .fna | cut -d'_' -f1,2)
  
      echo '@HD VN:1.6 SO:coordinate' > FF-PS_April2023_S48_mapped_genomes/FF-PS_April2023_S48_${genome_base}.sam
  done
  
  awk -F'	' -v meta_id="FF-PS_April2023_S48" '{
      split($3, arr, "_%_");
      genome_filename = meta_id "_mapped_genomes/" meta_id "_" arr[1] ".sam";
      if (!seen[genome_filename]++) {
          print "@HD VN:1.6 SO:coordinate" > genome_filename;
      }
      print >> genome_filename
  }' "FF-PS_April2023_S48.sam"
  
  
  samtools coverage FF-PS_April2023_S48_mapped_genomes/FF-PS_April2023_S48_${genome_base}.sam > FF-PS_April2023_S48_mapped_genomes_stats/FF-PS_April2023_S48_${genome_base}_coverage_stats.txt
  samtools coverage -m FF-PS_April2023_S48_mapped_genomes/FF-PS_April2023_S48_${genome_base}.sam > FF-PS_April2023_S48_mapped_genomes_stats/FF-PS_April2023_S48_${genome_base}_coverage_stats_graphic.txt
  
  ##samtools view -@12 -bo FF-PS_April2023_S48_${genome_base}.bam FF-PS_April2023_S48_${genome_base}.sam
  ##rm FF-PS_April2023_S48_${genome_base}.sam
  done

Command exit status:
  1

Command output:
  (empty)

Command error:
  samtools coverage: Could not read header for "FF-PS_April2023_S48_mapped_genomes/FF-PS_April2023_S48_GCF_902167755.1.sam": Exec format error

Work dir:
  /tmp/marsq/work/a1/fe52b6e9df9e8820777f9235eb3f0d

Tip: you can replicate the issue by changing to the process work dir and entering the command `bash .command.run`

 -- Check '.nextflow.log' file for details

executor >  slurm (3)
[56/a91a0c] process > MARSQ_MAP_ONLY:ConcatenateG... [100%] 1 of 1, cached: 1 ✔
[1a/082644] process > MARSQ_MAP_ONLY:BBMAP_INDEX ... [100%] 1 of 1, cached: 1 ✔
[f3/5a91cb] process > MARSQ_MAP_ONLY:BBMAP_ALIGN ... [100%] 3 of 3, cached: 3 ✔
[b1/b439b0] process > MARSQ_MAP_ONLY:SAMTOOLS_SOR... [100%] 3 of 3, cached: 3 ✔
[a6/ba8bc4] process > MARSQ_MAP_ONLY:SAMTOOLS_IND... [100%] 3 of 3, cached: 3 ✔
[47/cf00f0] process > MARSQ_MAP_ONLY:SplitBamAndS... [100%] 3 of 3, failed: 3 ✘
ERROR ~ Error executing process > 'MARSQ_MAP_ONLY:SplitBamAndStats (FF-PS_April2023_S48)'

Caused by:
  Process `MARSQ_MAP_ONLY:SplitBamAndStats (FF-PS_April2023_S48)` terminated with an error exit status (1)

Command executed:

  samtools view -@12 -o FF-PS_April2023_S48.sam FF-PS_April2023_S48_sort.bam
  
  mkdir FF-PS_April2023_S48_mapped_genomes
  mkdir FF-PS_April2023_S48_mapped_genomes_stats
  
  for genome in refs/*.fna; do
      genome_base=$(basename $genome .fna | cut -d'_' -f1,2)
  
      echo '@HD VN:1.6 SO:coordinate' > FF-PS_April2023_S48_mapped_genomes/FF-PS_April2023_S48_${genome_base}.sam
  done
  
  awk -F'	' -v meta_id="FF-PS_April2023_S48" '{
      split($3, arr, "_%_");
      genome_filename = meta_id "_mapped_genomes/" meta_id "_" arr[1] ".sam";
      if (!seen[genome_filename]++) {
          print "@HD VN:1.6 SO:coordinate" > genome_filename;
      }
      print >> genome_filename
  }' "FF-PS_April2023_S48.sam"
  
  
  samtools coverage FF-PS_April2023_S48_mapped_genomes/FF-PS_April2023_S48_${genome_base}.sam > FF-PS_April2023_S48_mapped_genomes_stats/FF-PS_April2023_S48_${genome_base}_coverage_stats.txt
  samtools coverage -m FF-PS_April2023_S48_mapped_genomes/FF-PS_April2023_S48_${genome_base}.sam > FF-PS_April2023_S48_mapped_genomes_stats/FF-PS_April2023_S48_${genome_base}_coverage_stats_graphic.txt
  
  ##samtools view -@12 -bo FF-PS_April2023_S48_${genome_base}.bam FF-PS_April2023_S48_${genome_base}.sam
  ##rm FF-PS_April2023_S48_${genome_base}.sam
  done

Command exit status:
  1

Command output:
  (empty)

Command error:
  samtools coverage: Could not read header for "FF-PS_April2023_S48_mapped_genomes/FF-PS_April2023_S48_GCF_902167755.1.sam": Exec format error

Work dir:
  /tmp/marsq/work/a1/fe52b6e9df9e8820777f9235eb3f0d

Tip: you can replicate the issue by changing to the process work dir and entering the command `bash .command.run`

 -- Check '.nextflow.log' file for details

