Some Usable Environment Variables:
=================================
hostname=f02-17.cluster
$SLURM_JOB_ID=410843
$SLURM_NTASKS=1
$SLURM_NTASKS_PER_NODE=1
$SLURM_CPUS_PER_TASK=2
$SLURM_JOB_CPUS_PER_NODE=2
$SLURM_MEM_PER_NODE=4000
Loading nextflow/23.04.1
  Loading requirement: java/17.0.1
Loading singularity/3.8.7
  Loading requirement: go/1.17.2
N E X T F L O W  ~  version 23.04.1
Launching `main.nf` [curious_coulomb] DSL2 - revision: 5f0e20e632
 MARSQ   N F   P I P E L I N E
 ===================================
 reads        : /tmp/marsq/fastq/*{R1,R2}.fastq.gz
 output       : /tmp/marsq/results
 ref genomes  : /tmp/marsq/refs
 pipeline     : map_only
 
[-        ] process > MARSQ_MAP_ONLY:ConcatenateG... -
[-        ] process > MARSQ_MAP_ONLY:BBMAP_INDEX     -
[-        ] process > MARSQ_MAP_ONLY:BBMAP_ALIGN     -
[-        ] process > MARSQ_MAP_ONLY:SAMTOOLS_SORT   -

[56/a91a0c] process > MARSQ_MAP_ONLY:ConcatenateG... [100%] 1 of 1, cached: 1 ✔
[1a/082644] process > MARSQ_MAP_ONLY:BBMAP_INDEX ... [100%] 1 of 1, cached: 1
[-        ] process > MARSQ_MAP_ONLY:BBMAP_ALIGN     -
[-        ] process > MARSQ_MAP_ONLY:SAMTOOLS_SORT   -
[-        ] process > MARSQ_MAP_ONLY:SAMTOOLS_INDEX  -
[-        ] process > MARSQ_MAP_ONLY:SplitBamAndS... -

[56/a91a0c] process > MARSQ_MAP_ONLY:ConcatenateG... [100%] 1 of 1, cached: 1 ✔
[1a/082644] process > MARSQ_MAP_ONLY:BBMAP_INDEX ... [100%] 1 of 1, cached: 1 ✔
[d9/31caac] process > MARSQ_MAP_ONLY:BBMAP_ALIGN ... [100%] 4 of 4, cached: 4
[49/4892bf] process > MARSQ_MAP_ONLY:SAMTOOLS_SOR... [100%] 2 of 2, cached: 2
[-        ] process > MARSQ_MAP_ONLY:SAMTOOLS_INDEX  -
[-        ] process > MARSQ_MAP_ONLY:SplitBamAndS... -

[56/a91a0c] process > MARSQ_MAP_ONLY:ConcatenateG... [100%] 1 of 1, cached: 1 ✔
[1a/082644] process > MARSQ_MAP_ONLY:BBMAP_INDEX ... [100%] 1 of 1, cached: 1 ✔
[12/8eb53f] process > MARSQ_MAP_ONLY:BBMAP_ALIGN ... [100%] 5 of 5, cached: 5 ✔
[65/19d214] process > MARSQ_MAP_ONLY:SAMTOOLS_SOR... [100%] 4 of 4, cached: 4
[7b/86e81b] process > MARSQ_MAP_ONLY:SAMTOOLS_IND... [100%] 2 of 2, cached: 2
[-        ] process > MARSQ_MAP_ONLY:SplitBamAndS... -

[56/a91a0c] process > MARSQ_MAP_ONLY:ConcatenateG... [100%] 1 of 1, cached: 1 ✔
[1a/082644] process > MARSQ_MAP_ONLY:BBMAP_INDEX ... [100%] 1 of 1, cached: 1 ✔
[12/8eb53f] process > MARSQ_MAP_ONLY:BBMAP_ALIGN ... [100%] 5 of 5, cached: 5 ✔
[f1/6b9e67] process > MARSQ_MAP_ONLY:SAMTOOLS_SOR... [100%] 5 of 5, cached: 5 ✔
[41/08eb89] process > MARSQ_MAP_ONLY:SAMTOOLS_IND... [100%] 5 of 5, cached: 5 ✔
[-        ] process > MARSQ_MAP_ONLY:SplitBamAndS... [  0%] 0 of 5

executor >  slurm (5)
[56/a91a0c] process > MARSQ_MAP_ONLY:ConcatenateG... [100%] 1 of 1, cached: 1 ✔
[1a/082644] process > MARSQ_MAP_ONLY:BBMAP_INDEX ... [100%] 1 of 1, cached: 1 ✔
[12/8eb53f] process > MARSQ_MAP_ONLY:BBMAP_ALIGN ... [100%] 5 of 5, cached: 5 ✔
[f1/6b9e67] process > MARSQ_MAP_ONLY:SAMTOOLS_SOR... [100%] 5 of 5, cached: 5 ✔
[41/08eb89] process > MARSQ_MAP_ONLY:SAMTOOLS_IND... [100%] 5 of 5, cached: 5 ✔
[e7/048c6f] process > MARSQ_MAP_ONLY:SplitBamAndS... [  0%] 0 of 5

executor >  slurm (5)
[56/a91a0c] process > MARSQ_MAP_ONLY:ConcatenateG... [100%] 1 of 1, cached: 1 ✔
[1a/082644] process > MARSQ_MAP_ONLY:BBMAP_INDEX ... [100%] 1 of 1, cached: 1 ✔
[12/8eb53f] process > MARSQ_MAP_ONLY:BBMAP_ALIGN ... [100%] 5 of 5, cached: 5 ✔
[f1/6b9e67] process > MARSQ_MAP_ONLY:SAMTOOLS_SOR... [100%] 5 of 5, cached: 5 ✔
[41/08eb89] process > MARSQ_MAP_ONLY:SAMTOOLS_IND... [100%] 5 of 5, cached: 5 ✔
[e7/048c6f] process > MARSQ_MAP_ONLY:SplitBamAndS... [  0%] 0 of 5

executor >  slurm (5)
[56/a91a0c] process > MARSQ_MAP_ONLY:ConcatenateG... [100%] 1 of 1, cached: 1 ✔
[1a/082644] process > MARSQ_MAP_ONLY:BBMAP_INDEX ... [100%] 1 of 1, cached: 1 ✔
[12/8eb53f] process > MARSQ_MAP_ONLY:BBMAP_ALIGN ... [100%] 5 of 5, cached: 5 ✔
[f1/6b9e67] process > MARSQ_MAP_ONLY:SAMTOOLS_SOR... [100%] 5 of 5, cached: 5 ✔
[41/08eb89] process > MARSQ_MAP_ONLY:SAMTOOLS_IND... [100%] 5 of 5, cached: 5 ✔
[8e/713cd2] process > MARSQ_MAP_ONLY:SplitBamAndS... [ 20%] 1 of 5

executor >  slurm (5)
[56/a91a0c] process > MARSQ_MAP_ONLY:ConcatenateG... [100%] 1 of 1, cached: 1 ✔
[1a/082644] process > MARSQ_MAP_ONLY:BBMAP_INDEX ... [100%] 1 of 1, cached: 1 ✔
[12/8eb53f] process > MARSQ_MAP_ONLY:BBMAP_ALIGN ... [100%] 5 of 5, cached: 5 ✔
[f1/6b9e67] process > MARSQ_MAP_ONLY:SAMTOOLS_SOR... [100%] 5 of 5, cached: 5 ✔
[41/08eb89] process > MARSQ_MAP_ONLY:SAMTOOLS_IND... [100%] 5 of 5, cached: 5 ✔
[14/30912c] process > MARSQ_MAP_ONLY:SplitBamAndS... [ 40%] 2 of 5

executor >  slurm (5)
[56/a91a0c] process > MARSQ_MAP_ONLY:ConcatenateG... [100%] 1 of 1, cached: 1 ✔
[1a/082644] process > MARSQ_MAP_ONLY:BBMAP_INDEX ... [100%] 1 of 1, cached: 1 ✔
[12/8eb53f] process > MARSQ_MAP_ONLY:BBMAP_ALIGN ... [100%] 5 of 5, cached: 5 ✔
[f1/6b9e67] process > MARSQ_MAP_ONLY:SAMTOOLS_SOR... [100%] 5 of 5, cached: 5 ✔
[41/08eb89] process > MARSQ_MAP_ONLY:SAMTOOLS_IND... [100%] 5 of 5, cached: 5 ✔
[14/30912c] process > MARSQ_MAP_ONLY:SplitBamAndS... [ 40%] 2 of 5

executor >  slurm (5)
[56/a91a0c] process > MARSQ_MAP_ONLY:ConcatenateG... [100%] 1 of 1, cached: 1 ✔
[1a/082644] process > MARSQ_MAP_ONLY:BBMAP_INDEX ... [100%] 1 of 1, cached: 1 ✔
[12/8eb53f] process > MARSQ_MAP_ONLY:BBMAP_ALIGN ... [100%] 5 of 5, cached: 5 ✔
[f1/6b9e67] process > MARSQ_MAP_ONLY:SAMTOOLS_SOR... [100%] 5 of 5, cached: 5 ✔
[41/08eb89] process > MARSQ_MAP_ONLY:SAMTOOLS_IND... [100%] 5 of 5, cached: 5 ✔
[a8/97a487] process > MARSQ_MAP_ONLY:SplitBamAndS... [ 60%] 3 of 5

executor >  slurm (5)
[56/a91a0c] process > MARSQ_MAP_ONLY:ConcatenateG... [100%] 1 of 1, cached: 1 ✔
[1a/082644] process > MARSQ_MAP_ONLY:BBMAP_INDEX ... [100%] 1 of 1, cached: 1 ✔
[12/8eb53f] process > MARSQ_MAP_ONLY:BBMAP_ALIGN ... [100%] 5 of 5, cached: 5 ✔
[f1/6b9e67] process > MARSQ_MAP_ONLY:SAMTOOLS_SOR... [100%] 5 of 5, cached: 5 ✔
[41/08eb89] process > MARSQ_MAP_ONLY:SAMTOOLS_IND... [100%] 5 of 5, cached: 5 ✔
[58/d1e18e] process > MARSQ_MAP_ONLY:SplitBamAndS... [ 80%] 4 of 5

executor >  slurm (5)
[56/a91a0c] process > MARSQ_MAP_ONLY:ConcatenateG... [100%] 1 of 1, cached: 1 ✔
[1a/082644] process > MARSQ_MAP_ONLY:BBMAP_INDEX ... [100%] 1 of 1, cached: 1 ✔
[12/8eb53f] process > MARSQ_MAP_ONLY:BBMAP_ALIGN ... [100%] 5 of 5, cached: 5 ✔
[f1/6b9e67] process > MARSQ_MAP_ONLY:SAMTOOLS_SOR... [100%] 5 of 5, cached: 5 ✔
[41/08eb89] process > MARSQ_MAP_ONLY:SAMTOOLS_IND... [100%] 5 of 5, cached: 5 ✔
[e7/048c6f] process > MARSQ_MAP_ONLY:SplitBamAndS... [100%] 5 of 5 ✔

executor >  slurm (5)
[56/a91a0c] process > MARSQ_MAP_ONLY:ConcatenateG... [100%] 1 of 1, cached: 1 ✔
[1a/082644] process > MARSQ_MAP_ONLY:BBMAP_INDEX ... [100%] 1 of 1, cached: 1 ✔
[12/8eb53f] process > MARSQ_MAP_ONLY:BBMAP_ALIGN ... [100%] 5 of 5, cached: 5 ✔
[f1/6b9e67] process > MARSQ_MAP_ONLY:SAMTOOLS_SOR... [100%] 5 of 5, cached: 5 ✔
[41/08eb89] process > MARSQ_MAP_ONLY:SAMTOOLS_IND... [100%] 5 of 5, cached: 5 ✔
[e7/048c6f] process > MARSQ_MAP_ONLY:SplitBamAndS... [100%] 5 of 5 ✔
Completed at: 14-Nov-2023 23:37:37
Duration    : 55m 44s
CPU hours   : 70.6 (91.7% cached)
Succeeded   : 5
Cached      : 17


